-------------------------------------------------------------------------------
Test set: insa.projet.aventix.AventixApplicationTests
-------------------------------------------------------------------------------
Tests run: 1, Failures: 0, Errors: 1, Skipped: 0, Time elapsed: 0.759 s <<< FAILURE! - in insa.projet.aventix.AventixApplicationTests
insa.projet.aventix.AventixApplicationTests  Time elapsed: 0.754 s  <<< ERROR!
java.lang.IllegalStateException: Unable to find a @SpringBootConfiguration, you need to use @ContextConfiguration or @SpringBootTest(classes=...) with your test

